#
# A fatal error has been detected by the Java Runtime Environment:
#
#  SIGSEGV (0xb) at pc=0x00007f48844690ad, pid=18022, tid=18032
#
# JRE version: OpenJDK Runtime Environment (11.0.8+10) (build 11.0.8+10-post-Ubuntu-0ubuntu120.04)
# Java VM: OpenJDK 64-Bit Server VM (11.0.8+10-post-Ubuntu-0ubuntu120.04, mixed mode, sharing, tiered, compressed oops, serial gc, linux-amd64)
# Problematic frame:
# C  [libjimage.so+0x30ad]
#
# Core dump will be written. Default location: Core dumps may be processed with "/usr/share/apport/apport %p %s %c %d %P %E" (or dumping to /home/tp/Documents/PROJET_MAJEURE/ProjetPompiers/core.18022)
#
# If you would like to submit a bug report, please visit:
#   https://bugs.launchpad.net/ubuntu/+source/openjdk-lts
#

---------------  S U M M A R Y ------------

Command Line: -agentlib:jdwp=transport=dt_socket,suspend=y,address=localhost:42553 -javaagent:/home/tp/Desktop/resources/eclipse/eclipse/configuration/org.eclipse.osgi/401/0/.cp/lib/javaagent-shaded.jar -Dfile.encoding=UTF-8 com.sp.SpAppFire

Host: Intel(R) Core(TM) i7-9700 CPU @ 3.00GHz, 1 cores, 3G, Ubuntu 20.04.1 LTS
Time: Fri Jun  4 16:09:23 2021 CEST elapsed time: 6442 seconds (0d 1h 47m 22s)

---------------  T H R E A D  ---------------

Current thread (0x00007f48800c4800):  JavaThread "Signal Dispatcher" daemon [_thread_in_vm, id=18032, stack(0x00007f48672eb000,0x00007f48673ec000)]

Stack: [0x00007f48672eb000,0x00007f48673ec000],  sp=0x00007f48673e91f0,  free space=1016k
Native frames: (J=compiled Java code, A=aot compiled Java code, j=interpreted, Vv=VM code, C=native code)
C  [libjimage.so+0x30ad]
C  [libjimage.so+0x3da2]
C  [libjimage.so+0x42b1]